<?xml version="1.0" encoding="UTF-8"?>
<!-- Generated by org.testng.reporters.JUnitReportReporter -->
<testsuite hostname="Rajesh-PC" failures="0" tests="1" name="com.seleniumProject.testCases.TC_LoginTest_001" time="4.143" errors="0" timestamp="2022-02-25T20:56:44 CET" skipped="0">
  <testcase classname="com.seleniumProject.testCases.TC_LoginTest_001" name="LoginTest" time="4.143"/>
  <system-out/>
</testsuite> <!-- com.seleniumProject.testCases.TC_LoginTest_001 -->
